<?xml version="1.0" encoding="UTF-8"?>
<!-- Generated by org.testng.reporters.JUnitReportReporter -->
<testsuite skipped="0" hostname="Maxims-MacBook-Pro.local" name="md.post.Login" tests="1" failures="0" timestamp="07 Apr 2018 15:16:43 GMT" time="32.449" errors="0">
  <testcase name="test" time="32.449" classname="md.post.Login"/>
</testsuite> <!-- md.post.Login -->
